<?xml version="1.0" encoding="UTF-8"?>
<!-- Generated by org.testng.reporters.JUnitReportReporter -->
<testsuite hostname="ASCINLAP60736" failures="0" tests="2" name="pac_webdriver.TC_login_pagefactory_extentreports" time="72.170" errors="0" timestamp="2024-11-10T14:18:42 IST" skipped="0">
  <testcase classname="pac_webdriver.TC_login_pagefactory_extentreports" name="login" time="42.942"/>
  <testcase classname="pac_webdriver.TC_login_pagefactory_extentreports" name="login" time="29.228"/>
</testsuite> <!-- pac_webdriver.TC_login_pagefactory_extentreports -->
