<?xml version="1.0" encoding="UTF-8"?>
<!-- Generated by org.testng.reporters.JUnitReportReporter -->
<testsuite hostname="ASCINLAP60736" failures="0" tests="2" name="com.supertail.main.OdysseyTestNg" time="34.136" errors="0" timestamp="2024-11-10T18:28:14 IST" skipped="0">
  <testcase classname="com.supertail.main.OdysseyTestNg" name="create" time="21.111"/>
  <testcase classname="com.supertail.main.OdysseyTestNg" name="login_action" time="13.025"/>
</testsuite> <!-- com.supertail.main.OdysseyTestNg -->
